  [1m[35m (1.8ms)[0m  [1m[35mCREATE TABLE "schema_migrations" ("version" varchar NOT NULL PRIMARY KEY) /*application='EventManagerApi'*/[0m
  [1m[35m (0.2ms)[0m  [1m[35mCREATE TABLE "ar_internal_metadata" ("key" varchar NOT NULL PRIMARY KEY, "value" varchar, "created_at" datetime(6) NOT NULL, "updated_at" datetime(6) NOT NULL) /*application='EventManagerApi'*/[0m
  [1m[36mActiveRecord::InternalMetadata Load (0.1ms)[0m  [1m[34mSELECT * FROM "ar_internal_metadata" WHERE "ar_internal_metadata"."key" = 'environment' ORDER BY "ar_internal_metadata"."key" ASC LIMIT 1 /*application='EventManagerApi'*/[0m
  [1m[36mActiveRecord::InternalMetadata Create (0.2ms)[0m  [1m[32mINSERT INTO "ar_internal_metadata" ("key", "value", "created_at", "updated_at") VALUES ('environment', 'development', '2025-02-22 16:43:43.198524', '2025-02-22 16:43:43.198527') RETURNING "key" /*application='EventManagerApi'*/[0m
  [1m[36mActiveRecord::SchemaMigration Load (0.1ms)[0m  [1m[34mSELECT "schema_migrations"."version" FROM "schema_migrations" ORDER BY "schema_migrations"."version" ASC /*application='EventManagerApi'*/[0m
Migrating to CreateEvents (20250222164214)
  [1m[36mTRANSACTION (0.1ms)[0m  [1m[35mBEGIN immediate TRANSACTION /*application='EventManagerApi'*/[0m
  [1m[35m (1.7ms)[0m  [1m[35mCREATE TABLE "events" ("id" integer PRIMARY KEY AUTOINCREMENT NOT NULL, "title" varchar, "description" text, "date" datetime(6), "location" varchar, "created_at" datetime(6) NOT NULL, "updated_at" datetime(6) NOT NULL) /*application='EventManagerApi'*/[0m
  [1m[36mActiveRecord::SchemaMigration Create (0.1ms)[0m  [1m[32mINSERT INTO "schema_migrations" ("version") VALUES ('20250222164214') RETURNING "version" /*application='EventManagerApi'*/[0m
  [1m[36mTRANSACTION (0.1ms)[0m  [1m[35mCOMMIT TRANSACTION /*application='EventManagerApi'*/[0m
  [1m[36mActiveRecord::SchemaMigration Load (0.1ms)[0m  [1m[34mSELECT "schema_migrations"."version" FROM "schema_migrations" ORDER BY "schema_migrations"."version" ASC /*application='EventManagerApi'*/[0m
  [1m[36mActiveRecord::InternalMetadata Load (0.3ms)[0m  [1m[34mSELECT * FROM "ar_internal_metadata" WHERE "ar_internal_metadata"."key" = 'environment' ORDER BY "ar_internal_metadata"."key" ASC LIMIT 1 /*application='EventManagerApi'*/[0m
  [1m[36mActiveRecord::SchemaMigration Load (0.1ms)[0m  [1m[34mSELECT "schema_migrations"."version" FROM "schema_migrations" ORDER BY "schema_migrations"."version" ASC /*application='EventManagerApi'*/[0m
Migrating to CreateComments (20250222202555)
  [1m[36mTRANSACTION (0.1ms)[0m  [1m[35mBEGIN immediate TRANSACTION /*application='EventManagerApi'*/[0m
  [1m[35m (1.7ms)[0m  [1m[35mCREATE TABLE "comments" ("id" integer PRIMARY KEY AUTOINCREMENT NOT NULL, "content" text, "user_id" integer NOT NULL, "event_id" integer NOT NULL, "created_at" datetime(6) NOT NULL, "updated_at" datetime(6) NOT NULL, CONSTRAINT "fk_rails_03de2dc08c"
FOREIGN KEY ("user_id")
  REFERENCES "users" ("id")
, CONSTRAINT "fk_rails_c6b77e33aa"
FOREIGN KEY ("event_id")
  REFERENCES "events" ("id")
) /*application='EventManagerApi'*/[0m
  [1m[35m (0.1ms)[0m  [1m[35mCREATE INDEX "index_comments_on_user_id" ON "comments" ("user_id") /*application='EventManagerApi'*/[0m
  [1m[35m (0.1ms)[0m  [1m[35mCREATE INDEX "index_comments_on_event_id" ON "comments" ("event_id") /*application='EventManagerApi'*/[0m
  [1m[36mActiveRecord::SchemaMigration Create (0.2ms)[0m  [1m[32mINSERT INTO "schema_migrations" ("version") VALUES ('20250222202555') RETURNING "version" /*application='EventManagerApi'*/[0m
  [1m[36mTRANSACTION (2.1ms)[0m  [1m[35mCOMMIT TRANSACTION /*application='EventManagerApi'*/[0m
Migrating to CreateFavourites (20250222202630)
  [1m[36mTRANSACTION (0.1ms)[0m  [1m[35mBEGIN immediate TRANSACTION /*application='EventManagerApi'*/[0m
  [1m[35m (1.3ms)[0m  [1m[35mCREATE TABLE "favourites" ("id" integer PRIMARY KEY AUTOINCREMENT NOT NULL, "user_id" integer NOT NULL, "event_id" integer NOT NULL, "created_at" datetime(6) NOT NULL, "updated_at" datetime(6) NOT NULL, CONSTRAINT "fk_rails_3073f88368"
FOREIGN KEY ("user_id")
  REFERENCES "users" ("id")
, CONSTRAINT "fk_rails_209d126c47"
FOREIGN KEY ("event_id")
  REFERENCES "events" ("id")
) /*application='EventManagerApi'*/[0m
  [1m[35m (0.1ms)[0m  [1m[35mCREATE INDEX "index_favourites_on_user_id" ON "favourites" ("user_id") /*application='EventManagerApi'*/[0m
  [1m[35m (0.1ms)[0m  [1m[35mCREATE INDEX "index_favourites_on_event_id" ON "favourites" ("event_id") /*application='EventManagerApi'*/[0m
  [1m[36mActiveRecord::SchemaMigration Create (0.1ms)[0m  [1m[32mINSERT INTO "schema_migrations" ("version") VALUES ('20250222202630') RETURNING "version" /*application='EventManagerApi'*/[0m
  [1m[36mTRANSACTION (0.2ms)[0m  [1m[35mCOMMIT TRANSACTION /*application='EventManagerApi'*/[0m
Migrating to CreateTickets (20250222202731)
  [1m[36mTRANSACTION (0.1ms)[0m  [1m[35mBEGIN immediate TRANSACTION /*application='EventManagerApi'*/[0m
  [1m[35m (3.8ms)[0m  [1m[35mCREATE TABLE "tickets" ("id" integer PRIMARY KEY AUTOINCREMENT NOT NULL, "price" decimal, "seat_number" varchar, "user_id" integer NOT NULL, "event_id" integer NOT NULL, "created_at" datetime(6) NOT NULL, "updated_at" datetime(6) NOT NULL, CONSTRAINT "fk_rails_538a036fb9"
FOREIGN KEY ("user_id")
  REFERENCES "users" ("id")
, CONSTRAINT "fk_rails_4def87ea62"
FOREIGN KEY ("event_id")
  REFERENCES "events" ("id")
) /*application='EventManagerApi'*/[0m
  [1m[35m (0.1ms)[0m  [1m[35mCREATE INDEX "index_tickets_on_user_id" ON "tickets" ("user_id") /*application='EventManagerApi'*/[0m
  [1m[35m (0.1ms)[0m  [1m[35mCREATE INDEX "index_tickets_on_event_id" ON "tickets" ("event_id") /*application='EventManagerApi'*/[0m
  [1m[36mActiveRecord::SchemaMigration Create (0.1ms)[0m  [1m[32mINSERT INTO "schema_migrations" ("version") VALUES ('20250222202731') RETURNING "version" /*application='EventManagerApi'*/[0m
  [1m[36mTRANSACTION (0.4ms)[0m  [1m[35mCOMMIT TRANSACTION /*application='EventManagerApi'*/[0m
  [1m[36mActiveRecord::SchemaMigration Load (0.1ms)[0m  [1m[34mSELECT "schema_migrations"."version" FROM "schema_migrations" ORDER BY "schema_migrations"."version" ASC /*application='EventManagerApi'*/[0m
